Looking for git in: git
Using git 2.17.1 from git
> git rev-parse --show-toplevel
> git rev-parse --git-dir
Open repository: /var/www/ntihc
> git status -z -u
> git symbolic-ref --short HEAD
> git rev-parse develop
> git rev-parse --symbolic-full-name develop@{u}
fatal: no upstream configured for branch 'develop'
> git for-each-ref --format %(refname) %(objectname) --sort -committerdate
> git remote --verbose
> git config --get commit.template
> git check-ignore -v -z --stdin
> git status -z -u
> git symbolic-ref --short HEAD
> git rev-parse develop
> git rev-parse --symbolic-full-name develop@{u}
fatal: no upstream configured for branch 'develop'
> git for-each-ref --format %(refname) %(objectname) --sort -committerdate
> git remote --verbose
> git config --get commit.template
> git check-ignore -v -z --stdin
> git check-ignore -v -z --stdin
> git check-ignore -v -z --stdin
> git status -z -u
> git symbolic-ref --short HEAD
> git rev-parse develop
> git rev-parse --symbolic-full-name develop@{u}
fatal: no upstream configured for branch 'develop'
> git for-each-ref --format %(refname) %(objectname) --sort -committerdate
> git remote --verbose
> git config --get commit.template
> git check-ignore -v -z --stdin
> git status -z -u
> git symbolic-ref --short HEAD
> git rev-parse develop
> git rev-parse --symbolic-full-name develop@{u}
fatal: no upstream configured for branch 'develop'
> git for-each-ref --format %(refname) %(objectname) --sort -committerdate
> git remote --verbose
> git config --get commit.template
> git show :client_medical.php
> git status -z -u
> git symbolic-ref --short HEAD
> git rev-parse develop
> git rev-parse --symbolic-full-name develop@{u}
fatal: no upstream configured for branch 'develop'
> git for-each-ref --format %(refname) %(objectname) --sort -committerdate
> git remote --verbose
> git config --get commit.template
> git status -z -u
> git show :client_medical.php
> git symbolic-ref --short HEAD
> git rev-parse ft-refine-actiontaken
> git rev-parse --symbolic-full-name ft-refine-actiontaken@{u}
fatal: no upstream configured for branch 'ft-refine-actiontaken'
> git for-each-ref --format %(refname) %(objectname) --sort -committerdate
> git remote --verbose
> git config --get commit.template
> git status -z -u
> git symbolic-ref --short HEAD
> git rev-parse ft-refine-actiontaken
> git rev-parse --symbolic-full-name ft-refine-actiontaken@{u}
fatal: no upstream configured for branch 'ft-refine-actiontaken'
> git for-each-ref --format %(refname) %(objectname) --sort -committerdate
> git remote --verbose
> git config --get commit.template
> git status -z -u
> git show :client_medical.php
> git symbolic-ref --short HEAD
> git rev-parse ft-reorder-treatmentroom
> git rev-parse --symbolic-full-name ft-reorder-treatmentroom@{u}
fatal: no upstream configured for branch 'ft-reorder-treatmentroom'
> git for-each-ref --format %(refname) %(objectname) --sort -committerdate
> git remote --verbose
> git config --get commit.template
> git status -z -u
> git symbolic-ref --short HEAD
> git rev-parse ft-reorder-treatmentroom
> git rev-parse --symbolic-full-name ft-reorder-treatmentroom@{u}
fatal: no upstream configured for branch 'ft-reorder-treatmentroom'
> git for-each-ref --format %(refname) %(objectname) --sort -committerdate
> git remote --verbose
> git config --get commit.template
> git status -z -u
> git symbolic-ref --short HEAD
> git rev-parse develop
> git show :client_medical.php
> git rev-parse --symbolic-full-name develop@{u}
fatal: no upstream configured for branch 'develop'
> git for-each-ref --format %(refname) %(objectname) --sort -committerdate
> git remote --verbose
> git config --get commit.template
> git status -z -u
> git show :client_medical.php
> git symbolic-ref --short HEAD
> git rev-parse ft-reorder-treatmentroom
> git rev-parse --symbolic-full-name ft-reorder-treatmentroom@{u}
fatal: no upstream configured for branch 'ft-reorder-treatmentroom'
> git for-each-ref --format %(refname) %(objectname) --sort -committerdate
> git remote --verbose
> git config --get commit.template
> git check-ignore -v -z --stdin
> git show :registration_reception_process.php
